<?xml version="1.0" encoding="UTF-8"?>
<robot generator="Robot 5.0.1 (Python 3.10.6 on linux)" generated="20220926 09:26:59.283" rpa="false" schemaversion="3">
<suite id="s1" name="Open Google" source="/home/matheusrb/Desktop/Robot Example/fkw-robot-example/tests/open_google.robot">
<test id="s1-t1" name="Search Furukawa" line="13">
<kw name="Search" library="open_google">
<arg>${SEARCH_STRING}</arg>
<kw name="Open Browser" library="SeleniumLibrary">
<arg>${URL}</arg>
<arg>${BROWSER}</arg>
<doc>Opens a new browser instance to the optional ``url``.</doc>
<msg timestamp="20220926 09:26:59.395" level="INFO">Opening browser 'Chrome' to base url 'https://www.google.com/'.</msg>
<status status="PASS" starttime="20220926 09:26:59.395" endtime="20220926 09:27:01.455"/>
</kw>
<kw name="Input Text" library="SeleniumLibrary">
<arg>${LOCATOR}</arg>
<arg>${SearchWord}</arg>
<doc>Types the given ``text`` into the text field identified by ``locator``.</doc>
<msg timestamp="20220926 09:27:01.455" level="INFO">Typing text 'Furukawa' into text field 'name:q'.</msg>
<status status="PASS" starttime="20220926 09:27:01.455" endtime="20220926 09:27:01.541"/>
</kw>
<kw name="Press Keys" library="SeleniumLibrary">
<arg>${LOCATOR}</arg>
<arg>RETURN</arg>
<doc>Simulates the user pressing key(s) to an element or on the active browser.</doc>
<msg timestamp="20220926 09:27:01.542" level="INFO">Sending key(s) ('RETURN',) to name:q element.</msg>
<msg timestamp="20220926 09:27:01.820" level="INFO">Pressing special key RETURN to element.</msg>
<msg timestamp="20220926 09:27:01.820" level="INFO">Releasing special key RETURN.</msg>
<status status="PASS" starttime="20220926 09:27:01.541" endtime="20220926 09:27:04.131"/>
</kw>
<kw name="Sleep" library="BuiltIn">
<arg>3s</arg>
<doc>Pauses the test executed for the given time.</doc>
<msg timestamp="20220926 09:27:07.131" level="INFO">Slept 3 seconds</msg>
<status status="PASS" starttime="20220926 09:27:04.131" endtime="20220926 09:27:07.132"/>
</kw>
<status status="PASS" starttime="20220926 09:26:59.394" endtime="20220926 09:27:07.132"/>
</kw>
<kw name="Close Browser" library="SeleniumLibrary" type="TEARDOWN">
<doc>Closes the current browser.</doc>
<status status="PASS" starttime="20220926 09:27:07.132" endtime="20220926 09:27:07.190"/>
</kw>
<status status="PASS" starttime="20220926 09:26:59.394" endtime="20220926 09:27:07.190"/>
</test>
<status status="PASS" starttime="20220926 09:26:59.284" endtime="20220926 09:27:07.191"/>
</suite>
<statistics>
<total>
<stat pass="1" fail="0" skip="0">All Tests</stat>
</total>
<tag>
</tag>
<suite>
<stat pass="1" fail="0" skip="0" id="s1" name="Open Google">Open Google</stat>
</suite>
</statistics>
<errors>
</errors>
</robot>
