<?xml version="1.0" encoding="UTF-8"?>
<robot generator="Robot 5.0.1 (Python 3.10.6 on linux)" generated="20220927 11:09:40.479" rpa="false" schemaversion="3">
<suite id="s1" name="Open Google" source="/home/matheusrb/Desktop/Robot Example/fkw-robot-example/src/tests/open_google.robot">
<test id="s1-t1" name="Search Furukawa" line="7">
<kw name="Set Variable" library="BuiltIn">
<var>${SEARCH_STRING}</var>
<arg>Furukawa</arg>
<doc>Returns the given values which can then be assigned to a variables.</doc>
<msg timestamp="20220927 11:09:40.624" level="INFO">${SEARCH_STRING} = Furukawa</msg>
<status status="PASS" starttime="20220927 11:09:40.624" endtime="20220927 11:09:40.624"/>
</kw>
<kw name="Search" library="open_google">
<arg>${SEARCH_STRING}</arg>
<kw name="Set Variable" library="BuiltIn">
<var>${URL}</var>
<arg>https://www.google.com/</arg>
<doc>Returns the given values which can then be assigned to a variables.</doc>
<msg timestamp="20220927 11:09:40.625" level="INFO">${URL} = https://www.google.com/</msg>
<status status="PASS" starttime="20220927 11:09:40.625" endtime="20220927 11:09:40.625"/>
</kw>
<kw name="Set Variable" library="BuiltIn">
<var>${BROWSER}</var>
<arg>Chrome</arg>
<doc>Returns the given values which can then be assigned to a variables.</doc>
<msg timestamp="20220927 11:09:40.626" level="INFO">${BROWSER} = Chrome</msg>
<status status="PASS" starttime="20220927 11:09:40.625" endtime="20220927 11:09:40.626"/>
</kw>
<kw name="Set Variable" library="BuiltIn">
<var>${LOCATOR}</var>
<arg>name:q</arg>
<doc>Returns the given values which can then be assigned to a variables.</doc>
<msg timestamp="20220927 11:09:40.626" level="INFO">${LOCATOR} = name:q</msg>
<status status="PASS" starttime="20220927 11:09:40.626" endtime="20220927 11:09:40.626"/>
</kw>
<kw name="Open Browser" library="SeleniumLibrary">
<arg>${URL}</arg>
<arg>${BROWSER}</arg>
<doc>Opens a new browser instance to the optional ``url``.</doc>
<msg timestamp="20220927 11:09:40.627" level="INFO">Opening browser 'Chrome' to base url 'https://www.google.com/'.</msg>
<status status="PASS" starttime="20220927 11:09:40.626" endtime="20220927 11:09:42.708"/>
</kw>
<kw name="Input Text" library="SeleniumLibrary">
<arg>${LOCATOR}</arg>
<arg>${SearchWord}</arg>
<doc>Types the given ``text`` into the text field identified by ``locator``.</doc>
<msg timestamp="20220927 11:09:42.709" level="INFO">Typing text 'Furukawa' into text field 'name:q'.</msg>
<status status="PASS" starttime="20220927 11:09:42.709" endtime="20220927 11:09:42.785"/>
</kw>
<kw name="Press Keys" library="SeleniumLibrary">
<arg>${LOCATOR}</arg>
<arg>RETURN</arg>
<doc>Simulates the user pressing key(s) to an element or on the active browser.</doc>
<msg timestamp="20220927 11:09:42.786" level="INFO">Sending key(s) ('RETURN',) to name:q element.</msg>
<msg timestamp="20220927 11:09:43.061" level="INFO">Pressing special key RETURN to element.</msg>
<msg timestamp="20220927 11:09:43.061" level="INFO">Releasing special key RETURN.</msg>
<status status="PASS" starttime="20220927 11:09:42.785" endtime="20220927 11:09:45.465"/>
</kw>
<kw name="Sleep" library="BuiltIn">
<arg>3s</arg>
<doc>Pauses the test executed for the given time.</doc>
<msg timestamp="20220927 11:09:48.466" level="INFO">Slept 3 seconds</msg>
<status status="PASS" starttime="20220927 11:09:45.466" endtime="20220927 11:09:48.466"/>
</kw>
<status status="PASS" starttime="20220927 11:09:40.624" endtime="20220927 11:09:48.466"/>
</kw>
<kw name="Close Browser" library="SeleniumLibrary" type="TEARDOWN">
<doc>Closes the current browser.</doc>
<status status="PASS" starttime="20220927 11:09:48.467" endtime="20220927 11:09:48.535"/>
</kw>
<status status="PASS" starttime="20220927 11:09:40.623" endtime="20220927 11:09:48.536"/>
</test>
<status status="PASS" starttime="20220927 11:09:40.480" endtime="20220927 11:09:48.537"/>
</suite>
<statistics>
<total>
<stat pass="1" fail="0" skip="0">All Tests</stat>
</total>
<tag>
</tag>
<suite>
<stat pass="1" fail="0" skip="0" id="s1" name="Open Google">Open Google</stat>
</suite>
</statistics>
<errors>
</errors>
</robot>
